# JRE version: 7.0_05-b06
# Java VM: Java HotSpot(TM) 64-Bit Server VM (23.1-b03 mixed mode windows-amd64 compressed oops)
Heap
 PSYoungGen      total 55872K, used 2128K [0x00000000d6560000, 0x00000000da270000, 0x0000000000000000)
  eden space 49216K, 0% used [0x00000000d6560000,0x00000000d6560000,0x00000000d9570000)
  from space 6656K, 31% used [0x00000000d9570000,0x00000000d97842f0,0x00000000d9bf0000)
  to   space 6656K, 0% used [0x00000000d9bf0000,0x00000000d9bf0000,0x00000000da270000)
 ParOldGen       total 534080K, used 433982K [0x0000000083000000, 0x00000000a3990000, 0x00000000d6560000)
  object space 534080K, 81% used [0x0000000083000000,0x000000009d7cf948,0x00000000a3990000)
 PSPermGen       total 21248K, used 8986K [0x000000007de00000, 0x000000007f2c0000, 0x0000000083000000)
  object space 21248K, 42% used [0x000000007de00000,0x000000007e6c6bb8,0x000000007f2c0000)
GC Heap History (10 events):
Event: 1.742 GC heap after
Heap after GC invocations=5 (full 2):
 PSYoungGen      total 46656K, used 6272K [0x00000000d6560000, 0x00000000da270000, 0x0000000000000000)
  eden space 40000K, 0% used [0x00000000d6560000,0x00000000d6560000,0x00000000d8c70000)
  from space 6656K, 94% used [0x00000000d8c70000,0x00000000d9290040,0x00000000d92f0000)
  to   space 6656K, 0% used [0x00000000d9bf0000,0x00000000d9bf0000,0x00000000da270000)
 ParOldGen       total 534080K, used 398537K [0x0000000083000000, 0x00000000a3990000, 0x00000000d6560000)
  object space 534080K, 74% used [0x0000000083000000,0x000000009b532590,0x00000000a3990000)
 PSPermGen       total 21248K, used 7080K [0x000000007de00000, 0x000000007f2c0000, 0x0000000083000000)
  object space 21248K, 33% used [0x000000007de00000,0x000000007e4ea260,0x000000007f2c0000)
}
Event: 1.742 GC heap before
{Heap before GC invocations=6 (full 3):
 PSYoungGen      total 46656K, used 6272K [0x00000000d6560000, 0x00000000da270000, 0x0000000000000000)
  eden space 40000K, 0% used [0x00000000d6560000,0x00000000d6560000,0x00000000d8c70000)
  from space 6656K, 94% used [0x00000000d8c70000,0x00000000d9290040,0x00000000d92f0000)
  to   space 6656K, 0% used [0x00000000d9bf0000,0x00000000d9bf0000,0x00000000da270000)
 ParOldGen       total 534080K, used 398537K [0x0000000083000000, 0x00000000a3990000, 0x00000000d6560000)
  object space 534080K, 74% used [0x0000000083000000,0x000000009b532590,0x00000000a3990000)
 PSPermGen       total 21248K, used 7080K [0x000000007de00000, 0x000000007f2c0000, 0x0000000083000000)
  object space 21248K, 33% used [0x000000007de00000,0x000000007e4ea260,0x000000007f2c0000)
Event: 2.207 GC heap after
Heap after GC invocations=6 (full 3):
 PSYoungGen      total 46656K, used 0K [0x00000000d6560000, 0x00000000da270000, 0x0000000000000000)
  eden space 40000K, 0% used [0x00000000d6560000,0x00000000d6560000,0x00000000d8c70000)
  from space 6656K, 0% used [0x00000000d8c70000,0x00000000d8c70000,0x00000000d92f0000)
  to   space 6656K, 0% used [0x00000000d9bf0000,0x00000000d9bf0000,0x00000000da270000)
 ParOldGen       total 534080K, used 404559K [0x0000000083000000, 0x00000000a3990000, 0x00000000d6560000)
  object space 534080K, 75% used [0x0000000083000000,0x000000009bb13d30,0x00000000a3990000)
 PSPermGen       total 21248K, used 7080K [0x000000007de00000, 0x000000007f2c0000, 0x0000000083000000)
  object space 21248K, 33% used [0x000000007de00000,0x000000007e4ea238,0x000000007f2c0000)
}
Event: 5.947 GC heap before
{Heap before GC invocations=7 (full 3):
 PSYoungGen      total 46656K, used 38438K [0x00000000d6560000, 0x00000000da270000, 0x0000000000000000)
  eden space 40000K, 96% used [0x00000000d6560000,0x00000000d8ae99e0,0x00000000d8c70000)
  from space 6656K, 0% used [0x00000000d8c70000,0x00000000d8c70000,0x00000000d92f0000)
  to   space 6656K, 0% used [0x00000000d9bf0000,0x00000000d9bf0000,0x00000000da270000)
 ParOldGen       total 534080K, used 404559K [0x0000000083000000, 0x00000000a3990000, 0x00000000d6560000)
  object space 534080K, 75% used [0x0000000083000000,0x000000009bb13d30,0x00000000a3990000)
 PSPermGen       total 21248K, used 7630K [0x000000007de00000, 0x000000007f2c0000, 0x0000000083000000)
  object space 21248K, 35% used [0x000000007de00000,0x000000007e573918,0x000000007f2c0000)
Event: 5.961 GC heap after
Heap after GC invocations=7 (full 3):
 PSYoungGen      total 55872K, used 6646K [0x00000000d6560000, 0x00000000da270000, 0x0000000000000000)
  eden space 49216K, 0% used [0x00000000d6560000,0x00000000d6560000,0x00000000d9570000)
  from space 6656K, 99% used [0x00000000d9bf0000,0x00000000da26d8f8,0x00000000da270000)
  to   space 6656K, 0% used [0x00000000d9570000,0x00000000d9570000,0x00000000d9bf0000)
 ParOldGen       total 534080K, used 427413K [0x0000000083000000, 0x00000000a3990000, 0x00000000d6560000)
  object space 534080K, 80% used [0x0000000083000000,0x000000009d165620,0x00000000a3990000)
 PSPermGen       total 21248K, used 7630K [0x000000007de00000, 0x000000007f2c0000, 0x0000000083000000)
  object space 21248K, 35% used [0x000000007de00000,0x000000007e573918,0x000000007f2c0000)
}
Event: 5.961 GC heap before
{Heap before GC invocations=8 (full 4):
 PSYoungGen      total 55872K, used 6646K [0x00000000d6560000, 0x00000000da270000, 0x0000000000000000)
  eden space 49216K, 0% used [0x00000000d6560000,0x00000000d6560000,0x00000000d9570000)
  from space 6656K, 99% used [0x00000000d9bf0000,0x00000000da26d8f8,0x00000000da270000)
  to   space 6656K, 0% used [0x00000000d9570000,0x00000000d9570000,0x00000000d9bf0000)
 ParOldGen       total 534080K, used 427413K [0x0000000083000000, 0x00000000a3990000, 0x00000000d6560000)
  object space 534080K, 80% used [0x0000000083000000,0x000000009d165620,0x00000000a3990000)
 PSPermGen       total 21248K, used 7630K [0x000000007de00000, 0x000000007f2c0000, 0x0000000083000000)
  object space 21248K, 35% used [0x000000007de00000,0x000000007e573918,0x000000007f2c0000)
Event: 6.796 GC heap after
Heap after GC invocations=8 (full 4):
 PSYoungGen      total 55872K, used 0K [0x00000000d6560000, 0x00000000da270000, 0x0000000000000000)
  eden space 49216K, 0% used [0x00000000d6560000,0x00000000d6560000,0x00000000d9570000)
  from space 6656K, 0% used [0x00000000d9bf0000,0x00000000d9bf0000,0x00000000da270000)
  to   space 6656K, 0% used [0x00000000d9570000,0x00000000d9570000,0x00000000d9bf0000)
 ParOldGen       total 534080K, used 433982K [0x0000000083000000, 0x00000000a3990000, 0x00000000d6560000)
  object space 534080K, 81% used [0x0000000083000000,0x000000009d7cf948,0x00000000a3990000)
 PSPermGen       total 21248K, used 7630K [0x000000007de00000, 0x000000007f2c0000, 0x0000000083000000)
  object space 21248K, 35% used [0x000000007de00000,0x000000007e5738d8,0x000000007f2c0000)
}
Event: 3606.804 GC heap before
{Heap before GC invocations=9 (full 4):
 PSYoungGen      total 55872K, used 22487K [0x00000000d6560000, 0x00000000da270000, 0x0000000000000000)
  eden space 49216K, 45% used [0x00000000d6560000,0x00000000d7b55f00,0x00000000d9570000)
  from space 6656K, 0% used [0x00000000d9bf0000,0x00000000d9bf0000,0x00000000da270000)
  to   space 6656K, 0% used [0x00000000d9570000,0x00000000d9570000,0x00000000d9bf0000)
 ParOldGen       total 534080K, used 433982K [0x0000000083000000, 0x00000000a3990000, 0x00000000d6560000)
  object space 534080K, 81% used [0x0000000083000000,0x000000009d7cf948,0x00000000a3990000)
 PSPermGen       total 21248K, used 8986K [0x000000007de00000, 0x000000007f2c0000, 0x0000000083000000)
  object space 21248K, 42% used [0x000000007de00000,0x000000007e6c6bb8,0x000000007f2c0000)
Event: 3606.835 GC heap after
Heap after GC invocations=9 (full 4):
 PSYoungGen      total 55872K, used 2128K [0x00000000d6560000, 0x00000000da270000, 0x0000000000000000)
  eden space 49216K, 0% used [0x00000000d6560000,0x00000000d6560000,0x00000000d9570000)
  from space 6656K, 31% used [0x00000000d9570000,0x00000000d97842f0,0x00000000d9bf0000)
  to   space 6656K, 0% used [0x00000000d9bf0000,0x00000000d9bf0000,0x00000000da270000)
 ParOldGen       total 534080K, used 433982K [0x0000000083000000, 0x00000000a3990000, 0x00000000d6560000)
  object space 534080K, 81% used [0x0000000083000000,0x000000009d7cf948,0x00000000a3990000)
 PSPermGen       total 21248K, used 8986K [0x000000007de00000, 0x000000007f2c0000, 0x0000000083000000)
  object space 21248K, 42% used [0x000000007de00000,0x000000007e6c6bb8,0x000000007f2c0000)
}
Event: 3606.836 GC heap before
{Heap before GC invocations=10 (full 5):
 PSYoungGen      total 55872K, used 2128K [0x00000000d6560000, 0x00000000da270000, 0x0000000000000000)
  eden space 49216K, 0% used [0x00000000d6560000,0x00000000d6560000,0x00000000d9570000)
  from space 6656K, 31% used [0x00000000d9570000,0x00000000d97842f0,0x00000000d9bf0000)
  to   space 6656K, 0% used [0x00000000d9bf0000,0x00000000d9bf0000,0x00000000da270000)
 ParOldGen       total 534080K, used 433982K [0x0000000083000000, 0x00000000a3990000, 0x00000000d6560000)
  object space 534080K, 81% used [0x0000000083000000,0x000000009d7cf948,0x00000000a3990000)
 PSPermGen       total 21248K, used 8986K [0x000000007de00000, 0x000000007f2c0000, 0x0000000083000000)
  object space 21248K, 42% used [0x000000007de00000,0x000000007e6c6bb8,0x000000007f2c0000)

